<?xml version="1.0" encoding="UTF-8"?>
<!-- Generated by org.testng.reporters.JUnitReportReporter -->
<testsuite hostname="wl-10-190-253-207.wireless.duke.edu" name="io.d8a.conjure.MinMaxNodeTypeTest" tests="11" failures="0" timestamp="28 Mar 2013 18:03:00 GMT" time="0.006" errors="0">
  <testcase name="allowsNegativeForMax" time="0.000" classname="io.d8a.conjure.MinMaxNodeTypeTest"/>
  <testcase name="generatesNumberBetweenMinMax" time="0.000" classname="io.d8a.conjure.MinMaxNodeTypeTest"/>
  <testcase name="templatesFailWhenAddedWithoutMax" time="0.001" classname="io.d8a.conjure.MinMaxNodeTypeTest"/>
  <testcase name="templatesFailWhenAddedWithoutMin" time="0.000" classname="io.d8a.conjure.MinMaxNodeTypeTest"/>
  <testcase name="canBeCreatedFromFactoryMethod" time="0.000" classname="io.d8a.conjure.MinMaxNodeTypeTest"/>
  <testcase name="allowsNegativeForMin" time="0.001" classname="io.d8a.conjure.MinMaxNodeTypeTest"/>
  <testcase name="canHaveSameMinAndMax" time="0.000" classname="io.d8a.conjure.MinMaxNodeTypeTest"/>
  <testcase name="fixesTransposedMinMax" time="0.000" classname="io.d8a.conjure.MinMaxNodeTypeTest"/>
  <testcase name="createFailsMinNotSpecified" time="0.000" classname="io.d8a.conjure.MinMaxNodeTypeTest"/>
  <testcase name="generatesAllValuesInRangeInclusive" time="0.004" classname="io.d8a.conjure.MinMaxNodeTypeTest"/>
  <testcase name="createFailsMaxNotSpecified" time="0.000" classname="io.d8a.conjure.MinMaxNodeTypeTest"/>
</testsuite>
