<?xml version="1.0" encoding="UTF-8"?>
<!-- Generated by org.testng.reporters.JUnitReportReporter -->
<testsuite hostname="wl-10-190-253-207.wireless.duke.edu" name="io.d8a.conjure.ConjureTemplateParserNodeListParsingTest" tests="10" failures="0" timestamp="28 Mar 2013 18:03:00 GMT" time="0.007" errors="0">
  <testcase name="canSpecifyLinesShouldBeTrimmed" time="0.000" classname="io.d8a.conjure.ConjureTemplateParserNodeListParsingTest"/>
  <testcase name="canSpecifyCustomEndToken" time="0.001" classname="io.d8a.conjure.ConjureTemplateParserNodeListParsingTest"/>
  <testcase name="parsesNodeListLines" time="0.001" classname="io.d8a.conjure.ConjureTemplateParserNodeListParsingTest"/>
  <testcase name="canSpecifyCustomDelimiterAndSeparator" time="0.001" classname="io.d8a.conjure.ConjureTemplateParserNodeListParsingTest"/>
  <testcase name="canSpecifyCustomDelimiter" time="0.001" classname="io.d8a.conjure.ConjureTemplateParserNodeListParsingTest"/>
  <testcase name="generatesValuesFromEachGroupAndCombinesWithNewlinesForEveryCall" time="0.000" classname="io.d8a.conjure.ConjureTemplateParserNodeListParsingTest"/>
  <testcase name="stopsParsingNodeListAfterBlankLine" time="0.000" classname="io.d8a.conjure.ConjureTemplateParserNodeListParsingTest"/>
  <testcase name="canHaveWhitespaceBetweenCustomEndTokens" time="0.001" classname="io.d8a.conjure.ConjureTemplateParserNodeListParsingTest"/>
  <testcase name="canSpecifyThePrimarySampleNode" time="0.001" classname="io.d8a.conjure.ConjureTemplateParserNodeListParsingTest"/>
  <testcase name="canSpecifyLinesShouldBeTrimmedForCombineNodes" time="0.001" classname="io.d8a.conjure.ConjureTemplateParserNodeListParsingTest"/>
</testsuite>
