<?xml version="1.0" encoding="UTF-8"?>
<!-- Generated by org.testng.reporters.JUnitReportReporter -->
<testsuite hostname="wl-10-190-253-207.wireless.duke.edu" name="io.d8a.conjure.ChooseRandomNodeListTest" tests="6" failures="0" timestamp="28 Mar 2013 18:03:00 GMT" time="0.001" errors="0">
  <testcase name="canBeRegisteredAsType" time="0.000" classname="io.d8a.conjure.ChooseRandomNodeListTest"/>
  <testcase name="eventuallyGeneratesAllNodes" time="0.000" classname="io.d8a.conjure.ChooseRandomNodeListTest"/>
  <testcase name="canBeReferencedInSampleGenerator" time="0.001" classname="io.d8a.conjure.ChooseRandomNodeListTest"/>
  <testcase name="generatesNodesFromProvidedList" time="0.000" classname="io.d8a.conjure.ChooseRandomNodeListTest"/>
  <testcase name="repeatsValuesOverTime" time="0.000" classname="io.d8a.conjure.ChooseRandomNodeListTest"/>
  <testcase name="generateFailsIfNoNodesAdded" time="0.000" classname="io.d8a.conjure.ChooseRandomNodeListTest"/>
</testsuite>
