<?xml version="1.0" encoding="UTF-8"?>
<!-- Generated by org.testng.reporters.JUnitReportReporter -->
<testsuite hostname="wl-10-190-253-207.wireless.duke.edu" name="io.d8a.conjure.DateNodeTypeTest" tests="10" failures="0" timestamp="28 Mar 2013 18:03:00 GMT" time="0.044" errors="0">
  <testcase name="fixesTransposedLowHigh" time="0.000" classname="io.d8a.conjure.DateNodeTypeTest"/>
  <testcase name="allowsDateJitter" time="0.000" classname="io.d8a.conjure.DateNodeTypeTest"/>
  <testcase name="usesClockFromSampleGenerator" time="0.000" classname="io.d8a.conjure.DateNodeTypeTest"/>
  <testcase name="canReferenceMinMaxForJitter" time="0.001" classname="io.d8a.conjure.DateNodeTypeTest"/>
  <testcase name="allowsNegativeLowJitter" time="0.000" classname="io.d8a.conjure.DateNodeTypeTest"/>
  <testcase name="canHaveSameJitterLowAndHigh" time="0.001" classname="io.d8a.conjure.DateNodeTypeTest"/>
  <testcase name="allowsTimezone" time="0.000" classname="io.d8a.conjure.DateNodeTypeTest"/>
  <testcase name="generatesSystemTimestamp" time="0.000" classname="io.d8a.conjure.DateNodeTypeTest"/>
  <testcase name="allowsFormat" time="0.042" classname="io.d8a.conjure.DateNodeTypeTest"/>
  <testcase name="allowsNegativeHighJitter" time="0.000" classname="io.d8a.conjure.DateNodeTypeTest"/>
</testsuite>
