<?xml version="1.0" encoding="UTF-8"?>
<!-- Generated by org.testng.reporters.JUnitReportReporter -->
<testsuite hostname="wl-10-190-253-207.wireless.duke.edu" name="io.d8a.conjure.ConjureTemplateParserVariablesTest" tests="10" failures="0" timestamp="28 Mar 2013 18:03:00 GMT" time="0.064" errors="0">
  <testcase name="cycleRegisteredByDefault" time="0.001" classname="io.d8a.conjure.ConjureTemplateParserVariablesTest"/>
  <testcase name="minMaxRegisteredByDefault" time="0.000" classname="io.d8a.conjure.ConjureTemplateParserVariablesTest"/>
  <testcase name="timeRegisteredByDefault" time="0.000" classname="io.d8a.conjure.ConjureTemplateParserVariablesTest"/>
  <testcase name="randomChoiceRegisteredByDefault" time="0.000" classname="io.d8a.conjure.ConjureTemplateParserVariablesTest"/>
  <testcase name="combineRegisteredByDefault" time="0.000" classname="io.d8a.conjure.ConjureTemplateParserVariablesTest"/>
  <testcase name="canSpecifyCustomClock" time="0.060" classname="io.d8a.conjure.ConjureTemplateParserVariablesTest"/>
  <testcase name="succeedsForFullyQualifiedTypes" time="0.000" classname="io.d8a.conjure.ConjureTemplateParserVariablesTest"/>
  <testcase name="linesCanHaveVariablesAndStillCombinesAllEachCall" time="0.002" classname="io.d8a.conjure.ConjureTemplateParserVariablesTest"/>
  <testcase name="weightedRegisteredByDefault" time="0.001" classname="io.d8a.conjure.ConjureTemplateParserVariablesTest"/>
  <testcase name="failsForUnregisteredVariableTypes" time="0.000" classname="io.d8a.conjure.ConjureTemplateParserVariablesTest"/>
</testsuite>
