<?xml version="1.0" encoding="UTF-8"?>
<!-- Generated by org.testng.reporters.JUnitReportReporter -->
<testsuite hostname="wl-10-190-253-207.wireless.duke.edu" name="io.d8a.conjure.ConjureTemplateTest" tests="27" failures="0" timestamp="28 Mar 2013 18:03:00 GMT" time="0.006" errors="0">
  <testcase name="templateReferencesCanBeAtTheEndOfTemplates" time="0.000" classname="io.d8a.conjure.ConjureTemplateTest"/>
  <testcase name="allowsMultipleTemplateReferences" time="0.000" classname="io.d8a.conjure.ConjureTemplateTest"/>
  <testcase name="failsWhenCustomTypeByClassNameNotFound" time="0.001" classname="io.d8a.conjure.ConjureTemplateTest"/>
  <testcase name="registersEmbeddedNodesWhenParsed" time="0.001" classname="io.d8a.conjure.ConjureTemplateTest"/>
  <testcase name="customTypesCanBeFullClassNames" time="0.000" classname="io.d8a.conjure.ConjureTemplateTest"/>
  <testcase name="allowsCustomSampleNodes" time="0.000" classname="io.d8a.conjure.ConjureTemplateTest"/>
  <testcase name="doesNotCareWhatOrderTemplatesAreAdded" time="0.000" classname="io.d8a.conjure.ConjureTemplateTest"/>
  <testcase name="supportsCustomRefDelimiters" time="0.000" classname="io.d8a.conjure.ConjureTemplateTest"/>
  <testcase name="shouldReturnBareValueForTemplatesWithoutReferences" time="0.000" classname="io.d8a.conjure.ConjureTemplateTest"/>
  <testcase name="defaultsToTemplateNamedSample" time="0.000" classname="io.d8a.conjure.ConjureTemplateTest"/>
  <testcase name="allowsDirectParseOfNodes" time="0.000" classname="io.d8a.conjure.ConjureTemplateTest"/>
  <testcase name="referencedValuesCanBeConfiguredToNotRememberValues" time="0.001" classname="io.d8a.conjure.ConjureTemplateTest"/>
  <testcase name="allowsRegisteringNodeTypesByClassName" time="0.000" classname="io.d8a.conjure.ConjureTemplateTest"/>
  <testcase name="diesWhenAskedForDefaultTemplateIfNotYetAdded" time="0.000" classname="io.d8a.conjure.ConjureTemplateTest"/>
  <testcase name="customTypesCanResolveReferences" time="0.000" classname="io.d8a.conjure.ConjureTemplateTest"/>
  <testcase name="templateReferencesCanBeAtTheBeginningOfTemplates" time="0.000" classname="io.d8a.conjure.ConjureTemplateTest"/>
  <testcase name="allowsTemplatesToReferenceOthers" time="0.000" classname="io.d8a.conjure.ConjureTemplateTest"/>
  <testcase name="allowsRegisteredNodeTemplateTypes" time="0.000" classname="io.d8a.conjure.ConjureTemplateTest"/>
  <testcase name="templateReferencesCanBeTheWholeTemplate" time="0.000" classname="io.d8a.conjure.ConjureTemplateTest"/>
  <testcase name="setsTheFullTemplateToCustomNodeWhenTemplateContainsTheConfigOnly" time="0.000" classname="io.d8a.conjure.ConjureTemplateTest"/>
  <testcase name="mustSpecifyRefOrType" time="0.000" classname="io.d8a.conjure.ConjureTemplateTest"/>
  <testcase name="configRefsCanHaveNamesToo" time="0.000" classname="io.d8a.conjure.ConjureTemplateTest"/>
  <testcase name="referencedValuesAreRememberedByDefaultWithinSingleRun" time="0.002" classname="io.d8a.conjure.ConjureTemplateTest"/>
  <testcase name="rejectsDuplicateSampleNames" time="0.001" classname="io.d8a.conjure.ConjureTemplateTest"/>
  <testcase name="templateRefsCanBeLongHand" time="0.000" classname="io.d8a.conjure.ConjureTemplateTest"/>
  <testcase name="refIgnoredIfTypeDetailsSpecified" time="0.000" classname="io.d8a.conjure.ConjureTemplateTest"/>
  <testcase name="diesWhenAskedForMissingTemplates" time="0.000" classname="io.d8a.conjure.ConjureTemplateTest"/>
</testsuite>
