<?xml version="1.0" encoding="UTF-8"?>
<!-- Generated by org.testng.reporters.JUnitReportReporter -->
<testsuite hostname="wl-10-190-253-207.wireless.duke.edu" name="io.d8a.conjure.ChooseByWeightNodeListTest" tests="9" failures="0" timestamp="28 Mar 2013 18:03:00 GMT" time="0.316" errors="0">
  <testcase name="nodesOfSameWeightsCanBeAddedInAnyOrder" time="0.019" classname="io.d8a.conjure.ChooseByWeightNodeListTest"/>
  <testcase name="nodesOfDifferentWeightsCanBeAddedInAnyOrder" time="0.012" classname="io.d8a.conjure.ChooseByWeightNodeListTest"/>
  <testcase name="weightsCanSumToMoreThan100" time="0.005" classname="io.d8a.conjure.ChooseByWeightNodeListTest"/>
  <testcase name="generatesHigherWeightedNodesMoreOften" time="0.000" classname="io.d8a.conjure.ChooseByWeightNodeListTest"/>
  <testcase name="generatesAllNodesOfSameWeightEventually" time="0.001" classname="io.d8a.conjure.ChooseByWeightNodeListTest"/>
  <testcase name="diesWhenRenderingNoNodes" time="0.000" classname="io.d8a.conjure.ChooseByWeightNodeListTest"/>
  <testcase name="nodeDistributionReflectsWeights" time="0.032" classname="io.d8a.conjure.ChooseByWeightNodeListTest"/>
  <testcase name="canBeRegisteredAsType" time="0.247" classname="io.d8a.conjure.ChooseByWeightNodeListTest"/>
  <testcase name="generatesLoneNodeRepeatedlyWhenOnlyOneAdded" time="0.000" classname="io.d8a.conjure.ChooseByWeightNodeListTest"/>
</testsuite>
