<?xml version="1.0" encoding="UTF-8"?>
<!-- Generated by org.testng.reporters.JUnitReportReporter -->
<testsuite hostname="wl-10-190-253-207.wireless.duke.edu" name="io.d8a.conjure.ChooseInOrderNodeListTest" tests="5" failures="0" timestamp="28 Mar 2013 18:03:00 GMT" time="0.002" errors="0">
  <testcase name="canBeRegisteredAsType" time="0.000" classname="io.d8a.conjure.ChooseInOrderNodeListTest"/>
  <testcase name="cyclesBackToBeginning" time="0.001" classname="io.d8a.conjure.ChooseInOrderNodeListTest"/>
  <testcase name="generateFailsIfNoNodesAdded" time="0.000" classname="io.d8a.conjure.ChooseInOrderNodeListTest"/>
  <testcase name="canBeReferencedInSampleGenerator" time="0.001" classname="io.d8a.conjure.ChooseInOrderNodeListTest"/>
  <testcase name="generatesNodesInOrderAdded" time="0.000" classname="io.d8a.conjure.ChooseInOrderNodeListTest"/>
</testsuite>
