<?xml version="1.0" encoding="UTF-8"?>
<!-- Generated by org.testng.reporters.JUnitReportReporter -->
<testsuite hostname="wl-10-190-253-207.wireless.duke.edu" name="io.d8a.conjure.ConjureTemplateParserFixedDataTest" tests="4" failures="0" timestamp="28 Mar 2013 18:03:00 GMT" time="0.004" errors="0">
  <testcase name="multipleFixedLinesAllCombineEachCall" time="0.001" classname="io.d8a.conjure.ConjureTemplateParserFixedDataTest"/>
  <testcase name="ignoresHashCommentLines" time="0.000" classname="io.d8a.conjure.ConjureTemplateParserFixedDataTest"/>
  <testcase name="ignoresBlankLines" time="0.003" classname="io.d8a.conjure.ConjureTemplateParserFixedDataTest"/>
  <testcase name="singleFixedLineRepeats" time="0.000" classname="io.d8a.conjure.ConjureTemplateParserFixedDataTest"/>
</testsuite>
