<?xml version="1.0" encoding="UTF-8"?>
<!-- Generated by org.testng.reporters.JUnitReportReporter -->
<testsuite hostname="wl-10-190-253-207.wireless.duke.edu" name="io.d8a.conjure.CombineNodeListTest" tests="4" failures="0" timestamp="28 Mar 2013 18:03:00 GMT" time="0.001" errors="0">
  <testcase name="appendsAllNodesInSingleGenerate" time="0.000" classname="io.d8a.conjure.CombineNodeListTest"/>
  <testcase name="canSpecifySeparator" time="0.001" classname="io.d8a.conjure.CombineNodeListTest"/>
  <testcase name="canBeRegisteredAsType" time="0.000" classname="io.d8a.conjure.CombineNodeListTest"/>
  <testcase name="canSetSeparatorInConfig" time="0.000" classname="io.d8a.conjure.CombineNodeListTest"/>
</testsuite>
